{"C:\\Users\\jchbr\\Desktop\\SWENG894\\frontend\\groupthinq_frontend\\src\\boot\\auth.js": {"path":"C:\\Users\\jchbr\\Desktop\\SWENG894\\frontend\\groupthinq_frontend\\src\\boot\\auth.js","statementMap":{"0":{"start":{"line":4,"column":2},"end":{"line":14,"column":4}},"1":{"start":{"line":5,"column":4},"end":{"line":13,"column":5}},"2":{"start":{"line":5,"column":33},"end":{"line":5,"column":56}},"3":{"start":{"line":6,"column":6},"end":{"line":10,"column":7}},"4":{"start":{"line":7,"column":8},"end":{"line":7,"column":14}},"5":{"start":{"line":9,"column":8},"end":{"line":9,"column":32}},"6":{"start":{"line":12,"column":6},"end":{"line":12,"column":12}}},"fnMap":{"0":{"name":"(anonymous_0)","decl":{"start":{"line":3,"column":15},"end":{"line":3,"column":16}},"loc":{"start":{"line":3,"column":48},"end":{"line":15,"column":1}},"line":3},"1":{"name":"(anonymous_1)","decl":{"start":{"line":4,"column":20},"end":{"line":4,"column":21}},"loc":{"start":{"line":4,"column":40},"end":{"line":14,"column":3}},"line":4},"2":{"name":"(anonymous_2)","decl":{"start":{"line":5,"column":24},"end":{"line":5,"column":25}},"loc":{"start":{"line":5,"column":33},"end":{"line":5,"column":56}},"line":5}},"branchMap":{"0":{"loc":{"start":{"line":5,"column":4},"end":{"line":13,"column":5}},"type":"if","locations":[{"start":{"line":5,"column":4},"end":{"line":13,"column":5}},{"start":{"line":5,"column":4},"end":{"line":13,"column":5}}],"line":5},"1":{"loc":{"start":{"line":6,"column":6},"end":{"line":10,"column":7}},"type":"if","locations":[{"start":{"line":6,"column":6},"end":{"line":10,"column":7}},{"start":{"line":6,"column":6},"end":{"line":10,"column":7}}],"line":6}},"s":{"0":0,"1":0,"2":0,"3":0,"4":0,"5":0,"6":0},"f":{"0":0,"1":0,"2":0},"b":{"0":[0,0],"1":[0,0]},"hash":"fecb2cdc1284ac4b72a1a7937ea5eeb4db7f8038"}
,"C:\\Users\\jchbr\\Desktop\\SWENG894\\frontend\\groupthinq_frontend\\src\\boot\\axios.js": {"path":"C:\\Users\\jchbr\\Desktop\\SWENG894\\frontend\\groupthinq_frontend\\src\\boot\\axios.js","statementMap":{"0":{"start":{"line":5,"column":0},"end":{"line":5,"column":28}},"1":{"start":{"line":7,"column":0},"end":{"line":14,"column":2}},"2":{"start":{"line":8,"column":2},"end":{"line":10,"column":3}},"3":{"start":{"line":9,"column":4},"end":{"line":9,"column":69}},"4":{"start":{"line":11,"column":2},"end":{"line":11,"column":15}},"5":{"start":{"line":13,"column":2},"end":{"line":13,"column":30}}},"fnMap":{"0":{"name":"(anonymous_0)","decl":{"start":{"line":7,"column":31},"end":{"line":7,"column":32}},"loc":{"start":{"line":7,"column":43},"end":{"line":12,"column":1}},"line":7},"1":{"name":"(anonymous_1)","decl":{"start":{"line":12,"column":3},"end":{"line":12,"column":4}},"loc":{"start":{"line":12,"column":14},"end":{"line":14,"column":1}},"line":12}},"branchMap":{"0":{"loc":{"start":{"line":8,"column":2},"end":{"line":10,"column":3}},"type":"if","locations":[{"start":{"line":8,"column":2},"end":{"line":10,"column":3}},{"start":{"line":8,"column":2},"end":{"line":10,"column":3}}],"line":8}},"s":{"0":0,"1":0,"2":0,"3":0,"4":0,"5":0},"f":{"0":0,"1":0},"b":{"0":[0,0]},"hash":"05aab0570f374a48173906437088b4e36ad4724e"}
,"C:\\Users\\jchbr\\Desktop\\SWENG894\\frontend\\groupthinq_frontend\\src\\components\\AccountInfoCard.vue": {"path":"C:\\Users\\jchbr\\Desktop\\SWENG894\\frontend\\groupthinq_frontend\\src\\components\\AccountInfoCard.vue","statementMap":{"0":{"start":{"line":61,"column":0},"end":{"line":61,"column":null}},"1":{"start":{"line":66,"column":0},"end":{"line":66,"column":null}},"2":{"start":{"line":87,"column":0},"end":{"line":87,"column":null}},"3":{"start":{"line":92,"column":0},"end":{"line":92,"column":null}},"4":{"start":{"line":93,"column":0},"end":{"line":93,"column":null}},"5":{"start":{"line":94,"column":0},"end":{"line":94,"column":null}},"6":{"start":{"line":99,"column":0},"end":{"line":99,"column":null}},"7":{"start":{"line":100,"column":0},"end":{"line":100,"column":null}},"8":{"start":{"line":101,"column":0},"end":{"line":101,"column":null}},"9":{"start":{"line":103,"column":0},"end":{"line":103,"column":null}},"10":{"start":{"line":104,"column":0},"end":{"line":104,"column":null}},"11":{"start":{"line":105,"column":0},"end":{"line":108,"column":null}},"12":{"start":{"line":107,"column":0},"end":{"line":107,"column":null}},"13":{"start":{"line":108,"column":0},"end":{"line":108,"column":null}},"14":{"start":{"line":109,"column":0},"end":{"line":109,"column":null}},"15":{"start":{"line":111,"column":0},"end":{"line":111,"column":null}},"16":{"start":{"line":112,"column":0},"end":{"line":114,"column":null}},"17":{"start":{"line":113,"column":0},"end":{"line":113,"column":null}},"18":{"start":{"line":114,"column":0},"end":{"line":114,"column":null}},"19":{"start":{"line":115,"column":0},"end":{"line":115,"column":null}},"20":{"start":{"line":117,"column":0},"end":{"line":117,"column":null}},"21":{"start":{"line":118,"column":0},"end":{"line":123,"column":null}},"22":{"start":{"line":120,"column":0},"end":{"line":120,"column":null}},"23":{"start":{"line":121,"column":0},"end":{"line":121,"column":null}},"24":{"start":{"line":123,"column":0},"end":{"line":123,"column":null}}},"fnMap":{"0":{"name":"data","decl":{"start":{"line":65,"column":0},"end":{"line":65,"column":null}},"loc":{"start":{"line":65,"column":0},"end":{"line":83,"column":null}}},"1":{"name":"fieldColor","decl":{"start":{"line":86,"column":0},"end":{"line":86,"column":null}},"loc":{"start":{"line":86,"column":0},"end":{"line":88,"column":null}}},"2":{"name":"mounted","decl":{"start":{"line":91,"column":0},"end":{"line":91,"column":null}},"loc":{"start":{"line":91,"column":0},"end":{"line":95,"column":null}}},"3":{"name":"onCancel","decl":{"start":{"line":98,"column":0},"end":{"line":98,"column":null}},"loc":{"start":{"line":98,"column":0},"end":{"line":102,"column":null}}},"4":{"name":"onConfirm","decl":{"start":{"line":103,"column":0},"end":{"line":103,"column":null}},"loc":{"start":{"line":103,"column":0},"end":{"line":110,"column":null}}},"5":{"name":"(anonymous_6)","decl":{"start":{"line":105,"column":0},"end":{"line":105,"column":null}},"loc":{"start":{"line":105,"column":0},"end":{"line":107,"column":null}}},"6":{"name":"(anonymous_7)","decl":{"start":{"line":107,"column":0},"end":{"line":107,"column":null}},"loc":{"start":{"line":107,"column":0},"end":{"line":108,"column":null}}},"7":{"name":"onDelete","decl":{"start":{"line":111,"column":0},"end":{"line":111,"column":null}},"loc":{"start":{"line":111,"column":0},"end":{"line":116,"column":null}}},"8":{"name":"(anonymous_9)","decl":{"start":{"line":112,"column":0},"end":{"line":112,"column":null}},"loc":{"start":{"line":112,"column":0},"end":{"line":113,"column":null}}},"9":{"name":"(anonymous_10)","decl":{"start":{"line":113,"column":0},"end":{"line":113,"column":null}},"loc":{"start":{"line":113,"column":0},"end":{"line":114,"column":null}}},"10":{"name":"getData","decl":{"start":{"line":117,"column":0},"end":{"line":117,"column":null}},"loc":{"start":{"line":117,"column":0},"end":{"line":124,"column":null}}},"11":{"name":"(anonymous_12)","decl":{"start":{"line":118,"column":0},"end":{"line":118,"column":null}},"loc":{"start":{"line":118,"column":0},"end":{"line":122,"column":null}}},"12":{"name":"(anonymous_13)","decl":{"start":{"line":122,"column":0},"end":{"line":122,"column":null}},"loc":{"start":{"line":122,"column":0},"end":{"line":123,"column":null}}}},"branchMap":{"0":{"loc":{"start":{"line":87,"column":0},"end":{"line":87,"column":null}},"type":"cond-expr","locations":[{"start":{"line":87,"column":0},"end":{"line":87,"column":null}},{"start":{"line":87,"column":0},"end":{"line":87,"column":null}}]}},"s":{"0":1,"1":0,"2":0,"3":0,"4":0,"5":0,"6":0,"7":0,"8":0,"9":0,"10":0,"11":0,"12":0,"13":0,"14":0,"15":0,"16":0,"17":0,"18":0,"19":0,"20":0,"21":0,"22":0,"23":0,"24":0},"f":{"0":0,"1":0,"2":0,"3":0,"4":0,"5":0,"6":0,"7":0,"8":0,"9":0,"10":0,"11":0,"12":0},"b":{"0":[0,0]}}
,"C:\\Users\\jchbr\\Desktop\\SWENG894\\frontend\\groupthinq_frontend\\src\\components\\DecisionCard.vue": {"path":"C:\\Users\\jchbr\\Desktop\\SWENG894\\frontend\\groupthinq_frontend\\src\\components\\DecisionCard.vue","statementMap":{"0":{"start":{"line":69,"column":0},"end":{"line":69,"column":null}},"1":{"start":{"line":105,"column":0},"end":{"line":105,"column":null}},"2":{"start":{"line":112,"column":0},"end":{"line":112,"column":null}}},"fnMap":{"0":{"name":"data","decl":{"start":{"line":68,"column":0},"end":{"line":68,"column":null}},"loc":{"start":{"line":68,"column":0},"end":{"line":72,"column":null}}},"1":{"name":"_default","decl":{"start":{"line":104,"column":0},"end":{"line":104,"column":null}},"loc":{"start":{"line":104,"column":0},"end":{"line":106,"column":null}}},"2":{"name":"_default","decl":{"start":{"line":111,"column":0},"end":{"line":111,"column":null}},"loc":{"start":{"line":111,"column":0},"end":{"line":113,"column":null}}}},"branchMap":{},"s":{"0":0,"1":0,"2":0},"f":{"0":0,"1":0,"2":0},"b":{}}
,"C:\\Users\\jchbr\\Desktop\\SWENG894\\frontend\\groupthinq_frontend\\src\\components\\LoginCard.vue": {"path":"C:\\Users\\jchbr\\Desktop\\SWENG894\\frontend\\groupthinq_frontend\\src\\components\\LoginCard.vue","statementMap":{"0":{"start":{"line":20,"column":0},"end":{"line":20,"column":null}},"1":{"start":{"line":25,"column":0},"end":{"line":25,"column":null}},"2":{"start":{"line":35,"column":0},"end":{"line":35,"column":null}},"3":{"start":{"line":37,"column":0},"end":{"line":37,"column":null}},"4":{"start":{"line":38,"column":0},"end":{"line":53,"column":null}},"5":{"start":{"line":44,"column":0},"end":{"line":44,"column":null}},"6":{"start":{"line":47,"column":0},"end":{"line":48,"column":null}},"7":{"start":{"line":48,"column":0},"end":{"line":48,"column":null}},"8":{"start":{"line":51,"column":0},"end":{"line":51,"column":null}},"9":{"start":{"line":52,"column":0},"end":{"line":52,"column":null}}},"fnMap":{"0":{"name":"data","decl":{"start":{"line":24,"column":0},"end":{"line":24,"column":null}},"loc":{"start":{"line":24,"column":0},"end":{"line":29,"column":null}}},"1":{"name":"cancel","decl":{"start":{"line":34,"column":0},"end":{"line":34,"column":null}},"loc":{"start":{"line":34,"column":0},"end":{"line":36,"column":null}}},"2":{"name":"login","decl":{"start":{"line":37,"column":0},"end":{"line":37,"column":null}},"loc":{"start":{"line":37,"column":0},"end":{"line":54,"column":null}}},"3":{"name":"(anonymous_4)","decl":{"start":{"line":39,"column":0},"end":{"line":39,"column":null}},"loc":{"start":{"line":39,"column":0},"end":{"line":45,"column":null}}},"4":{"name":"(anonymous_5)","decl":{"start":{"line":45,"column":0},"end":{"line":45,"column":null}},"loc":{"start":{"line":45,"column":0},"end":{"line":49,"column":null}}},"5":{"name":"(anonymous_6)","decl":{"start":{"line":47,"column":0},"end":{"line":47,"column":null}},"loc":{"start":{"line":47,"column":0},"end":{"line":48,"column":null}}},"6":{"name":"(anonymous_7)","decl":{"start":{"line":49,"column":0},"end":{"line":49,"column":null}},"loc":{"start":{"line":49,"column":0},"end":{"line":53,"column":null}}}},"branchMap":{},"s":{"0":1,"1":0,"2":0,"3":0,"4":0,"5":0,"6":0,"7":0,"8":0,"9":0},"f":{"0":0,"1":0,"2":0,"3":0,"4":0,"5":0,"6":0},"b":{}}
,"C:\\Users\\jchbr\\Desktop\\SWENG894\\frontend\\groupthinq_frontend\\src\\components\\SignUpCard.vue": {"path":"C:\\Users\\jchbr\\Desktop\\SWENG894\\frontend\\groupthinq_frontend\\src\\components\\SignUpCard.vue","statementMap":{"0":{"start":{"line":40,"column":0},"end":{"line":40,"column":null}},"1":{"start":{"line":45,"column":0},"end":{"line":45,"column":null}},"2":{"start":{"line":60,"column":0},"end":{"line":60,"column":null}},"3":{"start":{"line":62,"column":0},"end":{"line":62,"column":null}},"4":{"start":{"line":63,"column":0},"end":{"line":63,"column":null}},"5":{"start":{"line":64,"column":0},"end":{"line":87,"column":null}},"6":{"start":{"line":74,"column":0},"end":{"line":75,"column":null}},"7":{"start":{"line":81,"column":0},"end":{"line":81,"column":null}},"8":{"start":{"line":85,"column":0},"end":{"line":85,"column":null}},"9":{"start":{"line":86,"column":0},"end":{"line":86,"column":null}}},"fnMap":{"0":{"name":"data","decl":{"start":{"line":44,"column":0},"end":{"line":44,"column":null}},"loc":{"start":{"line":44,"column":0},"end":{"line":53,"column":null}}},"1":{"name":"cancel","decl":{"start":{"line":59,"column":0},"end":{"line":59,"column":null}},"loc":{"start":{"line":59,"column":0},"end":{"line":61,"column":null}}},"2":{"name":"signUp","decl":{"start":{"line":62,"column":0},"end":{"line":62,"column":null}},"loc":{"start":{"line":62,"column":0},"end":{"line":88,"column":null}}},"3":{"name":"(anonymous_4)","decl":{"start":{"line":65,"column":0},"end":{"line":65,"column":null}},"loc":{"start":{"line":65,"column":0},"end":{"line":79,"column":null}}},"4":{"name":"(anonymous_5)","decl":{"start":{"line":79,"column":0},"end":{"line":79,"column":null}},"loc":{"start":{"line":79,"column":0},"end":{"line":82,"column":null}}},"5":{"name":"(anonymous_6)","decl":{"start":{"line":82,"column":0},"end":{"line":82,"column":null}},"loc":{"start":{"line":82,"column":0},"end":{"line":87,"column":null}}}},"branchMap":{},"s":{"0":0,"1":0,"2":0,"3":0,"4":0,"5":0,"6":0,"7":0,"8":0,"9":0},"f":{"0":0,"1":0,"2":0,"3":0,"4":0,"5":0},"b":{}}
,"C:\\Users\\jchbr\\Desktop\\SWENG894\\frontend\\groupthinq_frontend\\src\\components\\UserMenu.vue": {"path":"C:\\Users\\jchbr\\Desktop\\SWENG894\\frontend\\groupthinq_frontend\\src\\components\\UserMenu.vue","statementMap":{"0":{"start":{"line":18,"column":0},"end":{"line":18,"column":null}},"1":{"start":{"line":22,"column":0},"end":{"line":22,"column":null}},"2":{"start":{"line":28,"column":0},"end":{"line":28,"column":null}},"3":{"start":{"line":33,"column":0},"end":{"line":33,"column":null}},"4":{"start":{"line":37,"column":0},"end":{"line":37,"column":null}},"5":{"start":{"line":38,"column":0},"end":{"line":38,"column":null}}},"fnMap":{"0":{"name":"data","decl":{"start":{"line":21,"column":0},"end":{"line":21,"column":null}},"loc":{"start":{"line":21,"column":0},"end":{"line":25,"column":null}}},"1":{"name":"mounted","decl":{"start":{"line":27,"column":0},"end":{"line":27,"column":null}},"loc":{"start":{"line":27,"column":0},"end":{"line":29,"column":null}}},"2":{"name":"goToSettings","decl":{"start":{"line":32,"column":0},"end":{"line":32,"column":null}},"loc":{"start":{"line":32,"column":0},"end":{"line":34,"column":null}}},"3":{"name":"logout","decl":{"start":{"line":36,"column":0},"end":{"line":36,"column":null}},"loc":{"start":{"line":36,"column":0},"end":{"line":39,"column":null}}}},"branchMap":{},"s":{"0":1,"1":0,"2":0,"3":0,"4":0,"5":0},"f":{"0":0,"1":0,"2":0,"3":0},"b":{}}
,"C:\\Users\\jchbr\\Desktop\\SWENG894\\frontend\\groupthinq_frontend\\src\\layouts\\MainLayout.vue": {"path":"C:\\Users\\jchbr\\Desktop\\SWENG894\\frontend\\groupthinq_frontend\\src\\layouts\\MainLayout.vue","statementMap":{"0":{"start":{"line":54,"column":0},"end":{"line":54,"column":null}},"1":{"start":{"line":55,"column":0},"end":{"line":55,"column":null}},"2":{"start":{"line":66,"column":0},"end":{"line":66,"column":null}}},"fnMap":{"0":{"name":"data","decl":{"start":{"line":65,"column":0},"end":{"line":65,"column":null}},"loc":{"start":{"line":65,"column":0},"end":{"line":107,"column":null}}}},"branchMap":{},"s":{"0":1,"1":1,"2":1},"f":{"0":1},"b":{}}
,"C:\\Users\\jchbr\\Desktop\\SWENG894\\frontend\\groupthinq_frontend\\src\\layouts\\WelcomeLayout.vue": {"path":"C:\\Users\\jchbr\\Desktop\\SWENG894\\frontend\\groupthinq_frontend\\src\\layouts\\WelcomeLayout.vue","statementMap":{"0":{"start":{"line":18,"column":0},"end":{"line":18,"column":null}}},"fnMap":{"0":{"name":"data","decl":{"start":{"line":17,"column":0},"end":{"line":17,"column":null}},"loc":{"start":{"line":17,"column":0},"end":{"line":19,"column":null}}}},"branchMap":{},"s":{"0":2},"f":{"0":2},"b":{}}
,"C:\\Users\\jchbr\\Desktop\\SWENG894\\frontend\\groupthinq_frontend\\src\\pages\\AccountInfo.vue": {"path":"C:\\Users\\jchbr\\Desktop\\SWENG894\\frontend\\groupthinq_frontend\\src\\pages\\AccountInfo.vue","statementMap":{"0":{"start":{"line":9,"column":0},"end":{"line":9,"column":null}}},"fnMap":{},"branchMap":{},"s":{"0":1},"f":{},"b":{}}
,"C:\\Users\\jchbr\\Desktop\\SWENG894\\frontend\\groupthinq_frontend\\src\\pages\\Decisions.vue": {"path":"C:\\Users\\jchbr\\Desktop\\SWENG894\\frontend\\groupthinq_frontend\\src\\pages\\Decisions.vue","statementMap":{"0":{"start":{"line":14,"column":0},"end":{"line":14,"column":null}},"1":{"start":{"line":24,"column":0},"end":{"line":24,"column":null}}},"fnMap":{"0":{"name":"data","decl":{"start":{"line":23,"column":0},"end":{"line":23,"column":null}},"loc":{"start":{"line":23,"column":0},"end":{"line":53,"column":null}}}},"branchMap":{},"s":{"0":0,"1":0},"f":{"0":0},"b":{}}
,"C:\\Users\\jchbr\\Desktop\\SWENG894\\frontend\\groupthinq_frontend\\src\\pages\\Login.vue": {"path":"C:\\Users\\jchbr\\Desktop\\SWENG894\\frontend\\groupthinq_frontend\\src\\pages\\Login.vue","statementMap":{"0":{"start":{"line":8,"column":0},"end":{"line":8,"column":null}}},"fnMap":{},"branchMap":{},"s":{"0":1},"f":{},"b":{}}
,"C:\\Users\\jchbr\\Desktop\\SWENG894\\frontend\\groupthinq_frontend\\src\\pages\\Signup.vue": {"path":"C:\\Users\\jchbr\\Desktop\\SWENG894\\frontend\\groupthinq_frontend\\src\\pages\\Signup.vue","statementMap":{"0":{"start":{"line":8,"column":0},"end":{"line":8,"column":null}}},"fnMap":{},"branchMap":{},"s":{"0":0},"f":{},"b":{}}
,"C:\\Users\\jchbr\\Desktop\\SWENG894\\frontend\\groupthinq_frontend\\src\\pages\\Users.vue": {"path":"C:\\Users\\jchbr\\Desktop\\SWENG894\\frontend\\groupthinq_frontend\\src\\pages\\Users.vue","statementMap":{"0":{"start":{"line":13,"column":0},"end":{"line":13,"column":null}},"1":{"start":{"line":22,"column":0},"end":{"line":22,"column":null}},"2":{"start":{"line":23,"column":0},"end":{"line":26,"column":null}},"3":{"start":{"line":24,"column":0},"end":{"line":24,"column":null}},"4":{"start":{"line":25,"column":0},"end":{"line":25,"column":null}},"5":{"start":{"line":26,"column":0},"end":{"line":26,"column":null}},"6":{"start":{"line":31,"column":0},"end":{"line":31,"column":null}},"7":{"start":{"line":35,"column":0},"end":{"line":35,"column":null}}},"fnMap":{"0":{"name":"loadUserData","decl":{"start":{"line":22,"column":0},"end":{"line":22,"column":null}},"loc":{"start":{"line":22,"column":0},"end":{"line":27,"column":null}}},"1":{"name":"(anonymous_2)","decl":{"start":{"line":23,"column":0},"end":{"line":23,"column":null}},"loc":{"start":{"line":23,"column":0},"end":{"line":24,"column":null}}},"2":{"name":"(anonymous_3)","decl":{"start":{"line":24,"column":0},"end":{"line":24,"column":null}},"loc":{"start":{"line":24,"column":0},"end":{"line":25,"column":null}}},"3":{"name":"(anonymous_4)","decl":{"start":{"line":25,"column":0},"end":{"line":25,"column":null}},"loc":{"start":{"line":25,"column":0},"end":{"line":26,"column":null}}},"4":{"name":"mounted","decl":{"start":{"line":30,"column":0},"end":{"line":30,"column":null}},"loc":{"start":{"line":30,"column":0},"end":{"line":32,"column":null}}},"5":{"name":"data","decl":{"start":{"line":34,"column":0},"end":{"line":34,"column":null}},"loc":{"start":{"line":34,"column":0},"end":{"line":46,"column":null}}}},"branchMap":{},"s":{"0":0,"1":0,"2":0,"3":0,"4":0,"5":0,"6":0,"7":0},"f":{"0":0,"1":0,"2":0,"3":0,"4":0,"5":0},"b":{}}
,"C:\\Users\\jchbr\\Desktop\\SWENG894\\frontend\\groupthinq_frontend\\src\\router\\index.js": {"path":"C:\\Users\\jchbr\\Desktop\\SWENG894\\frontend\\groupthinq_frontend\\src\\router\\index.js","statementMap":{"0":{"start":{"line":6,"column":0},"end":{"line":6,"column":18}},"1":{"start":{"line":18,"column":17},"end":{"line":27,"column":4}},"2":{"start":{"line":19,"column":27},"end":{"line":19,"column":41}},"3":{"start":{"line":29,"column":2},"end":{"line":29,"column":15}}},"fnMap":{"0":{"name":"(anonymous_0)","decl":{"start":{"line":17,"column":15},"end":{"line":17,"column":16}},"loc":{"start":{"line":17,"column":54},"end":{"line":30,"column":1}},"line":17},"1":{"name":"(anonymous_1)","decl":{"start":{"line":19,"column":20},"end":{"line":19,"column":21}},"loc":{"start":{"line":19,"column":27},"end":{"line":19,"column":41}},"line":19}},"branchMap":{},"s":{"0":0,"1":0,"2":0,"3":0},"f":{"0":0,"1":0},"b":{},"hash":"ff153162c27c37434fe2917cc9a07df6ff65d59c"}
,"C:\\Users\\jchbr\\Desktop\\SWENG894\\frontend\\groupthinq_frontend\\src\\router\\routes.js": {"path":"C:\\Users\\jchbr\\Desktop\\SWENG894\\frontend\\groupthinq_frontend\\src\\router\\routes.js","statementMap":{"0":{"start":{"line":2,"column":15},"end":{"line":29,"column":1}},"1":{"start":{"line":6,"column":21},"end":{"line":6,"column":56}},"2":{"start":{"line":8,"column":35},"end":{"line":8,"column":62}},"3":{"start":{"line":9,"column":41},"end":{"line":9,"column":67}},"4":{"start":{"line":10,"column":40},"end":{"line":10,"column":65}},"5":{"start":{"line":16,"column":21},"end":{"line":16,"column":53}},"6":{"start":{"line":18,"column":35},"end":{"line":18,"column":60}},"7":{"start":{"line":19,"column":42},"end":{"line":19,"column":73}},"8":{"start":{"line":20,"column":40},"end":{"line":20,"column":65}},"9":{"start":{"line":21,"column":44},"end":{"line":21,"column":73}},"10":{"start":{"line":22,"column":42},"end":{"line":22,"column":69}},"11":{"start":{"line":23,"column":39},"end":{"line":23,"column":63}},"12":{"start":{"line":32,"column":0},"end":{"line":37,"column":1}},"13":{"start":{"line":33,"column":2},"end":{"line":36,"column":4}},"14":{"start":{"line":35,"column":21},"end":{"line":35,"column":49}}},"fnMap":{"0":{"name":"(anonymous_0)","decl":{"start":{"line":6,"column":15},"end":{"line":6,"column":16}},"loc":{"start":{"line":6,"column":21},"end":{"line":6,"column":56}},"line":6},"1":{"name":"(anonymous_1)","decl":{"start":{"line":8,"column":29},"end":{"line":8,"column":30}},"loc":{"start":{"line":8,"column":35},"end":{"line":8,"column":62}},"line":8},"2":{"name":"(anonymous_2)","decl":{"start":{"line":9,"column":35},"end":{"line":9,"column":36}},"loc":{"start":{"line":9,"column":41},"end":{"line":9,"column":67}},"line":9},"3":{"name":"(anonymous_3)","decl":{"start":{"line":10,"column":34},"end":{"line":10,"column":35}},"loc":{"start":{"line":10,"column":40},"end":{"line":10,"column":65}},"line":10},"4":{"name":"(anonymous_4)","decl":{"start":{"line":16,"column":15},"end":{"line":16,"column":16}},"loc":{"start":{"line":16,"column":21},"end":{"line":16,"column":53}},"line":16},"5":{"name":"(anonymous_5)","decl":{"start":{"line":18,"column":29},"end":{"line":18,"column":30}},"loc":{"start":{"line":18,"column":35},"end":{"line":18,"column":60}},"line":18},"6":{"name":"(anonymous_6)","decl":{"start":{"line":19,"column":36},"end":{"line":19,"column":37}},"loc":{"start":{"line":19,"column":42},"end":{"line":19,"column":73}},"line":19},"7":{"name":"(anonymous_7)","decl":{"start":{"line":20,"column":34},"end":{"line":20,"column":35}},"loc":{"start":{"line":20,"column":40},"end":{"line":20,"column":65}},"line":20},"8":{"name":"(anonymous_8)","decl":{"start":{"line":21,"column":38},"end":{"line":21,"column":39}},"loc":{"start":{"line":21,"column":44},"end":{"line":21,"column":73}},"line":21},"9":{"name":"(anonymous_9)","decl":{"start":{"line":22,"column":36},"end":{"line":22,"column":37}},"loc":{"start":{"line":22,"column":42},"end":{"line":22,"column":69}},"line":22},"10":{"name":"(anonymous_10)","decl":{"start":{"line":23,"column":33},"end":{"line":23,"column":34}},"loc":{"start":{"line":23,"column":39},"end":{"line":23,"column":63}},"line":23},"11":{"name":"(anonymous_11)","decl":{"start":{"line":35,"column":15},"end":{"line":35,"column":16}},"loc":{"start":{"line":35,"column":21},"end":{"line":35,"column":49}},"line":35}},"branchMap":{"0":{"loc":{"start":{"line":32,"column":0},"end":{"line":37,"column":1}},"type":"if","locations":[{"start":{"line":32,"column":0},"end":{"line":37,"column":1}},{"start":{"line":32,"column":0},"end":{"line":37,"column":1}}],"line":32}},"s":{"0":0,"1":0,"2":0,"3":0,"4":0,"5":0,"6":0,"7":0,"8":0,"9":0,"10":0,"11":0,"12":0,"13":0,"14":0},"f":{"0":0,"1":0,"2":0,"3":0,"4":0,"5":0,"6":0,"7":0,"8":0,"9":0,"10":0,"11":0},"b":{"0":[0,0]},"hash":"439b4967d77ac8d2028294a71121d731eb3c6af1"}
,"C:\\Users\\jchbr\\Desktop\\SWENG894\\frontend\\groupthinq_frontend\\src\\store\\auth.js": {"path":"C:\\Users\\jchbr\\Desktop\\SWENG894\\frontend\\groupthinq_frontend\\src\\store\\auth.js","statementMap":{"0":{"start":{"line":3,"column":13},"end":{"line":34,"column":1}},"1":{"start":{"line":5,"column":4},"end":{"line":12,"column":5}},"2":{"start":{"line":6,"column":22},"end":{"line":6,"column":57}},"3":{"start":{"line":7,"column":6},"end":{"line":7,"column":47}},"4":{"start":{"line":8,"column":19},"end":{"line":8,"column":58}},"5":{"start":{"line":9,"column":6},"end":{"line":9,"column":41}},"6":{"start":{"line":11,"column":6},"end":{"line":11,"column":42}},"7":{"start":{"line":15,"column":4},"end":{"line":15,"column":79}},"8":{"start":{"line":16,"column":4},"end":{"line":16,"column":17}},"9":{"start":{"line":19,"column":4},"end":{"line":19,"column":47}},"10":{"start":{"line":22,"column":4},"end":{"line":22,"column":44}},"11":{"start":{"line":25,"column":4},"end":{"line":27,"column":5}},"12":{"start":{"line":26,"column":6},"end":{"line":26,"column":17}},"13":{"start":{"line":28,"column":4},"end":{"line":28,"column":16}},"14":{"start":{"line":31,"column":4},"end":{"line":31,"column":39}},"15":{"start":{"line":32,"column":4},"end":{"line":32,"column":36}}},"fnMap":{"0":{"name":"(anonymous_0)","decl":{"start":{"line":4,"column":2},"end":{"line":4,"column":3}},"loc":{"start":{"line":4,"column":28},"end":{"line":13,"column":3}},"line":4},"1":{"name":"(anonymous_1)","decl":{"start":{"line":14,"column":2},"end":{"line":14,"column":3}},"loc":{"start":{"line":14,"column":22},"end":{"line":17,"column":3}},"line":14},"2":{"name":"(anonymous_2)","decl":{"start":{"line":18,"column":2},"end":{"line":18,"column":3}},"loc":{"start":{"line":18,"column":21},"end":{"line":20,"column":3}},"line":18},"3":{"name":"(anonymous_3)","decl":{"start":{"line":21,"column":2},"end":{"line":21,"column":3}},"loc":{"start":{"line":21,"column":18},"end":{"line":23,"column":3}},"line":21},"4":{"name":"(anonymous_4)","decl":{"start":{"line":24,"column":2},"end":{"line":24,"column":3}},"loc":{"start":{"line":24,"column":16},"end":{"line":29,"column":3}},"line":24},"5":{"name":"(anonymous_5)","decl":{"start":{"line":30,"column":2},"end":{"line":30,"column":3}},"loc":{"start":{"line":30,"column":18},"end":{"line":33,"column":3}},"line":30}},"branchMap":{"0":{"loc":{"start":{"line":5,"column":4},"end":{"line":12,"column":5}},"type":"if","locations":[{"start":{"line":5,"column":4},"end":{"line":12,"column":5}},{"start":{"line":5,"column":4},"end":{"line":12,"column":5}}],"line":5},"1":{"loc":{"start":{"line":25,"column":4},"end":{"line":27,"column":5}},"type":"if","locations":[{"start":{"line":25,"column":4},"end":{"line":27,"column":5}},{"start":{"line":25,"column":4},"end":{"line":27,"column":5}}],"line":25}},"s":{"0":3,"1":0,"2":0,"3":0,"4":0,"5":0,"6":0,"7":0,"8":0,"9":0,"10":0,"11":0,"12":0,"13":0,"14":0,"15":0},"f":{"0":0,"1":0,"2":0,"3":0,"4":0,"5":0},"b":{"0":[0,0],"1":[0,0]},"_coverageSchema":"43e27e138ebf9cfc5966b082cf9a028302ed4184","hash":"6f74bd8ea761ca865a455937b2371d0bbeb7ae68"}
}
