TN:
SF:C:\Users\jchbr\Desktop\SWENG894\frontend\groupthinq_frontend\src\boot\auth.js
FN:3,(anonymous_0)
FN:4,(anonymous_1)
FN:5,(anonymous_2)
FNF:3
FNH:0
FNDA:0,(anonymous_0)
FNDA:0,(anonymous_1)
FNDA:0,(anonymous_2)
DA:4,0
DA:5,0
DA:6,0
DA:7,0
DA:9,0
DA:12,0
LF:6
LH:0
BRDA:5,0,0,0
BRDA:5,0,1,0
BRDA:6,1,0,0
BRDA:6,1,1,0
BRF:4
BRH:0
end_of_record
TN:
SF:C:\Users\jchbr\Desktop\SWENG894\frontend\groupthinq_frontend\src\boot\axios.js
FN:7,(anonymous_0)
FN:12,(anonymous_1)
FNF:2
FNH:0
FNDA:0,(anonymous_0)
FNDA:0,(anonymous_1)
DA:5,0
DA:7,0
DA:8,0
DA:9,0
DA:11,0
DA:13,0
LF:6
LH:0
BRDA:8,0,0,0
BRDA:8,0,1,0
BRF:2
BRH:0
end_of_record
TN:
SF:C:\Users\jchbr\Desktop\SWENG894\frontend\groupthinq_frontend\src\components\AccountInfoCard.vue
FN:65,data
FN:86,fieldColor
FN:91,mounted
FN:98,onCancel
FN:103,onConfirm
FN:105,(anonymous_6)
FN:107,(anonymous_7)
FN:111,onDelete
FN:112,(anonymous_9)
FN:113,(anonymous_10)
FN:117,getData
FN:118,(anonymous_12)
FN:122,(anonymous_13)
FNF:13
FNH:0
FNDA:0,data
FNDA:0,fieldColor
FNDA:0,mounted
FNDA:0,onCancel
FNDA:0,onConfirm
FNDA:0,(anonymous_6)
FNDA:0,(anonymous_7)
FNDA:0,onDelete
FNDA:0,(anonymous_9)
FNDA:0,(anonymous_10)
FNDA:0,getData
FNDA:0,(anonymous_12)
FNDA:0,(anonymous_13)
DA:61,1
DA:66,0
DA:87,0
DA:92,0
DA:93,0
DA:94,0
DA:99,0
DA:100,0
DA:101,0
DA:103,0
DA:104,0
DA:105,0
DA:107,0
DA:108,0
DA:109,0
DA:111,0
DA:112,0
DA:113,0
DA:114,0
DA:115,0
DA:117,0
DA:118,0
DA:120,0
DA:121,0
DA:123,0
LF:25
LH:1
BRDA:87,0,0,0
BRDA:87,0,1,0
BRF:2
BRH:0
end_of_record
TN:
SF:C:\Users\jchbr\Desktop\SWENG894\frontend\groupthinq_frontend\src\components\DecisionCard.vue
FN:68,data
FN:104,_default
FN:111,_default
FNF:3
FNH:0
FNDA:0,data
FNDA:0,_default
FNDA:0,_default
DA:69,0
DA:105,0
DA:112,0
LF:3
LH:0
BRF:0
BRH:0
end_of_record
TN:
SF:C:\Users\jchbr\Desktop\SWENG894\frontend\groupthinq_frontend\src\components\LoginCard.vue
FN:24,data
FN:34,cancel
FN:37,login
FN:39,(anonymous_4)
FN:45,(anonymous_5)
FN:47,(anonymous_6)
FN:49,(anonymous_7)
FNF:7
FNH:0
FNDA:0,data
FNDA:0,cancel
FNDA:0,login
FNDA:0,(anonymous_4)
FNDA:0,(anonymous_5)
FNDA:0,(anonymous_6)
FNDA:0,(anonymous_7)
DA:20,1
DA:25,0
DA:35,0
DA:37,0
DA:38,0
DA:44,0
DA:47,0
DA:48,0
DA:51,0
DA:52,0
LF:10
LH:1
BRF:0
BRH:0
end_of_record
TN:
SF:C:\Users\jchbr\Desktop\SWENG894\frontend\groupthinq_frontend\src\components\SignUpCard.vue
FN:44,data
FN:59,cancel
FN:62,signUp
FN:65,(anonymous_4)
FN:79,(anonymous_5)
FN:82,(anonymous_6)
FNF:6
FNH:0
FNDA:0,data
FNDA:0,cancel
FNDA:0,signUp
FNDA:0,(anonymous_4)
FNDA:0,(anonymous_5)
FNDA:0,(anonymous_6)
DA:40,0
DA:45,0
DA:60,0
DA:62,0
DA:63,0
DA:64,0
DA:74,0
DA:81,0
DA:85,0
DA:86,0
LF:10
LH:0
BRF:0
BRH:0
end_of_record
TN:
SF:C:\Users\jchbr\Desktop\SWENG894\frontend\groupthinq_frontend\src\components\UserMenu.vue
FN:21,data
FN:27,mounted
FN:32,goToSettings
FN:36,logout
FNF:4
FNH:0
FNDA:0,data
FNDA:0,mounted
FNDA:0,goToSettings
FNDA:0,logout
DA:18,1
DA:22,0
DA:28,0
DA:33,0
DA:37,0
DA:38,0
LF:6
LH:1
BRF:0
BRH:0
end_of_record
TN:
SF:C:\Users\jchbr\Desktop\SWENG894\frontend\groupthinq_frontend\src\layouts\MainLayout.vue
FN:65,data
FNF:1
FNH:1
FNDA:1,data
DA:54,1
DA:55,1
DA:66,1
LF:3
LH:3
BRF:0
BRH:0
end_of_record
TN:
SF:C:\Users\jchbr\Desktop\SWENG894\frontend\groupthinq_frontend\src\layouts\WelcomeLayout.vue
FN:17,data
FNF:1
FNH:1
FNDA:2,data
DA:18,2
LF:1
LH:1
BRF:0
BRH:0
end_of_record
TN:
SF:C:\Users\jchbr\Desktop\SWENG894\frontend\groupthinq_frontend\src\pages\AccountInfo.vue
FNF:0
FNH:0
DA:9,1
LF:1
LH:1
BRF:0
BRH:0
end_of_record
TN:
SF:C:\Users\jchbr\Desktop\SWENG894\frontend\groupthinq_frontend\src\pages\Decisions.vue
FN:23,data
FNF:1
FNH:0
FNDA:0,data
DA:14,0
DA:24,0
LF:2
LH:0
BRF:0
BRH:0
end_of_record
TN:
SF:C:\Users\jchbr\Desktop\SWENG894\frontend\groupthinq_frontend\src\pages\Login.vue
FNF:0
FNH:0
DA:8,1
LF:1
LH:1
BRF:0
BRH:0
end_of_record
TN:
SF:C:\Users\jchbr\Desktop\SWENG894\frontend\groupthinq_frontend\src\pages\Signup.vue
FNF:0
FNH:0
DA:8,0
LF:1
LH:0
BRF:0
BRH:0
end_of_record
TN:
SF:C:\Users\jchbr\Desktop\SWENG894\frontend\groupthinq_frontend\src\pages\Users.vue
FN:22,loadUserData
FN:23,(anonymous_2)
FN:24,(anonymous_3)
FN:25,(anonymous_4)
FN:30,mounted
FN:34,data
FNF:6
FNH:0
FNDA:0,loadUserData
FNDA:0,(anonymous_2)
FNDA:0,(anonymous_3)
FNDA:0,(anonymous_4)
FNDA:0,mounted
FNDA:0,data
DA:13,0
DA:22,0
DA:23,0
DA:24,0
DA:25,0
DA:26,0
DA:31,0
DA:35,0
LF:8
LH:0
BRF:0
BRH:0
end_of_record
TN:
SF:C:\Users\jchbr\Desktop\SWENG894\frontend\groupthinq_frontend\src\router\index.js
FN:17,(anonymous_0)
FN:19,(anonymous_1)
FNF:2
FNH:0
FNDA:0,(anonymous_0)
FNDA:0,(anonymous_1)
DA:6,0
DA:18,0
DA:19,0
DA:29,0
LF:4
LH:0
BRF:0
BRH:0
end_of_record
TN:
SF:C:\Users\jchbr\Desktop\SWENG894\frontend\groupthinq_frontend\src\router\routes.js
FN:6,(anonymous_0)
FN:8,(anonymous_1)
FN:9,(anonymous_2)
FN:10,(anonymous_3)
FN:16,(anonymous_4)
FN:18,(anonymous_5)
FN:19,(anonymous_6)
FN:20,(anonymous_7)
FN:21,(anonymous_8)
FN:22,(anonymous_9)
FN:23,(anonymous_10)
FN:35,(anonymous_11)
FNF:12
FNH:0
FNDA:0,(anonymous_0)
FNDA:0,(anonymous_1)
FNDA:0,(anonymous_2)
FNDA:0,(anonymous_3)
FNDA:0,(anonymous_4)
FNDA:0,(anonymous_5)
FNDA:0,(anonymous_6)
FNDA:0,(anonymous_7)
FNDA:0,(anonymous_8)
FNDA:0,(anonymous_9)
FNDA:0,(anonymous_10)
FNDA:0,(anonymous_11)
DA:2,0
DA:6,0
DA:8,0
DA:9,0
DA:10,0
DA:16,0
DA:18,0
DA:19,0
DA:20,0
DA:21,0
DA:22,0
DA:23,0
DA:32,0
DA:33,0
DA:35,0
LF:15
LH:0
BRDA:32,0,0,0
BRDA:32,0,1,0
BRF:2
BRH:0
end_of_record
TN:
SF:C:\Users\jchbr\Desktop\SWENG894\frontend\groupthinq_frontend\src\store\auth.js
FN:4,(anonymous_0)
FN:14,(anonymous_1)
FN:18,(anonymous_2)
FN:21,(anonymous_3)
FN:24,(anonymous_4)
FN:30,(anonymous_5)
FNF:6
FNH:0
FNDA:0,(anonymous_0)
FNDA:0,(anonymous_1)
FNDA:0,(anonymous_2)
FNDA:0,(anonymous_3)
FNDA:0,(anonymous_4)
FNDA:0,(anonymous_5)
DA:3,3
DA:5,0
DA:6,0
DA:7,0
DA:8,0
DA:9,0
DA:11,0
DA:15,0
DA:16,0
DA:19,0
DA:22,0
DA:25,0
DA:26,0
DA:28,0
DA:31,0
DA:32,0
LF:16
LH:1
BRDA:5,0,0,0
BRDA:5,0,1,0
BRDA:25,1,0,0
BRDA:25,1,1,0
BRF:4
BRH:0
end_of_record
